mode: set
github.com/suicidejack/go-various/lists/error.go:9.40,11.2 1 0
github.com/suicidejack/go-various/lists/error.go:16.43,18.2 1 0
github.com/suicidejack/go-various/lists/singly.go:19.26,26.2 1 1
github.com/suicidejack/go-various/lists/singly.go:29.31,33.2 3 0
github.com/suicidejack/go-various/lists/singly.go:36.33,40.2 3 0
github.com/suicidejack/go-various/lists/singly.go:43.40,46.19 3 1
github.com/suicidejack/go-various/lists/singly.go:53.2,53.10 1 1
github.com/suicidejack/go-various/lists/singly.go:46.19,49.3 2 1
github.com/suicidejack/go-various/lists/singly.go:49.3,52.3 2 1
github.com/suicidejack/go-various/lists/singly.go:57.40,60.19 3 1
github.com/suicidejack/go-various/lists/singly.go:67.2,67.10 1 1
github.com/suicidejack/go-various/lists/singly.go:60.19,63.3 2 1
github.com/suicidejack/go-various/lists/singly.go:63.3,66.3 2 1
github.com/suicidejack/go-various/lists/singly.go:71.53,74.19 3 1
github.com/suicidejack/go-various/lists/singly.go:77.2,80.8 4 1
github.com/suicidejack/go-various/lists/singly.go:74.19,76.3 1 1
github.com/suicidejack/go-various/lists/singly.go:84.53,88.19 4 1
github.com/suicidejack/go-various/lists/singly.go:91.2,92.22 2 1
github.com/suicidejack/go-various/lists/singly.go:99.2,100.8 2 1
github.com/suicidejack/go-various/lists/singly.go:88.19,90.3 1 1
github.com/suicidejack/go-various/lists/singly.go:92.22,94.3 1 1
github.com/suicidejack/go-various/lists/singly.go:94.3,95.56 1 1
github.com/suicidejack/go-various/lists/singly.go:97.3,97.15 1 1
github.com/suicidejack/go-various/lists/singly.go:95.56,96.4 0 1
github.com/suicidejack/go-various/lists/singly.go:105.54,108.48 3 1
github.com/suicidejack/go-various/lists/singly.go:113.2,113.39 1 1
github.com/suicidejack/go-various/lists/singly.go:108.48,109.23 1 1
github.com/suicidejack/go-various/lists/singly.go:109.23,111.4 1 1
github.com/suicidejack/go-various/lists/singly.go:118.44,121.19 3 1
github.com/suicidejack/go-various/lists/singly.go:124.2,124.25 1 1
github.com/suicidejack/go-various/lists/singly.go:134.2,134.78 1 1
github.com/suicidejack/go-various/lists/singly.go:144.2,144.32 1 1
github.com/suicidejack/go-various/lists/singly.go:121.19,123.3 1 1
github.com/suicidejack/go-various/lists/singly.go:124.25,125.23 1 1
github.com/suicidejack/go-various/lists/singly.go:130.3,132.13 3 1
github.com/suicidejack/go-various/lists/singly.go:125.23,129.4 3 1
github.com/suicidejack/go-various/lists/singly.go:134.78,135.23 1 1
github.com/suicidejack/go-various/lists/singly.go:135.23,137.24 2 1
github.com/suicidejack/go-various/lists/singly.go:140.4,141.14 2 1
github.com/suicidejack/go-various/lists/singly.go:137.24,139.5 1 1
github.com/suicidejack/go-various/lists/singly.go:147.40,150.48 3 0
github.com/suicidejack/go-various/lists/singly.go:156.2,156.8 1 0
github.com/suicidejack/go-various/lists/singly.go:150.48,152.22 2 0
github.com/suicidejack/go-various/lists/singly.go:152.22,154.4 1 0
